2024-04-24 12:34:56.845  INFO 6628 --- [main] c.c.DeccanSportClubApplicationTests      : Starting DeccanSportClubApplicationTests using Java 17.0.5 on Pranavsur-VD3 with PID 6628 (started by pranavsur in C:\Users\pranavsur\Desktop\Github Action\Training_Major_Backend)
2024-04-24 12:34:56.911 DEBUG 6628 --- [main] c.c.DeccanSportClubApplicationTests      : Running with Spring Boot v2.4.0, Spring v5.3.1
2024-04-24 12:34:56.965  INFO 6628 --- [main] c.c.DeccanSportClubApplicationTests      : No active profile set, falling back to default profiles: default
2024-04-24 12:35:01.009  INFO 6628 --- [main] .s.d.r.c.RepositoryConfigurationDelegate : Bootstrapping Spring Data JPA repositories in DEFERRED mode.
2024-04-24 12:35:01.663  INFO 6628 --- [main] .s.d.r.c.RepositoryConfigurationDelegate : Finished Spring Data repository scanning in 622 ms. Found 9 JPA repository interfaces.
2024-04-24 12:35:03.437  INFO 6628 --- [main] trationDelegate$BeanPostProcessorChecker : Bean 'org.springframework.security.access.expression.method.DefaultMethodSecurityExpressionHandler@24f8707c' of type [org.springframework.security.access.expression.method.DefaultMethodSecurityExpressionHandler] is not eligible for getting processed by all BeanPostProcessors (for example: not eligible for auto-proxying)
2024-04-24 12:35:03.601  INFO 6628 --- [main] trationDelegate$BeanPostProcessorChecker : Bean 'methodSecurityMetadataSource' of type [org.springframework.security.access.method.DelegatingMethodSecurityMetadataSource] is not eligible for getting processed by all BeanPostProcessors (for example: not eligible for auto-proxying)
2024-04-24 12:35:04.553  INFO 6628 --- [main] o.s.s.concurrent.ThreadPoolTaskExecutor  : Initializing ExecutorService 'applicationTaskExecutor'
2024-04-24 12:35:04.981  INFO 6628 --- [task-1] o.hibernate.jpa.internal.util.LogHelper  : HHH000204: Processing PersistenceUnitInfo [name: default]
2024-04-24 12:35:05.283  INFO 6628 --- [task-1] org.hibernate.Version                    : HHH000412: Hibernate ORM core version 5.4.23.Final
2024-04-24 12:35:05.594  WARN 6628 --- [main] JpaBaseConfiguration$JpaWebConfiguration : spring.jpa.open-in-view is enabled by default. Therefore, database queries may be performed during view rendering. Explicitly configure spring.jpa.open-in-view to disable this warning
2024-04-24 12:35:06.276  INFO 6628 --- [task-1] o.hibernate.annotations.common.Version   : HCANN000001: Hibernate Commons Annotations {5.1.2.Final}
2024-04-24 12:35:08.930  INFO 6628 --- [task-1] org.hibernate.dialect.Dialect            : HHH000400: Using dialect: org.hibernate.dialect.MySQL5InnoDBDialect
2024-04-24 12:35:11.672  INFO 6628 --- [main] o.s.s.web.DefaultSecurityFilterChain     : Will secure any request with [org.springframework.security.web.context.request.async.WebAsyncManagerIntegrationFilter@1761383f, org.springframework.security.web.context.SecurityContextPersistenceFilter@6d95b51d, org.springframework.security.web.header.HeaderWriterFilter@3fd7f545, org.springframework.web.filter.CorsFilter@abb1c3e, org.springframework.security.web.authentication.logout.LogoutFilter@7edab945, com.cybage.security.JwtAuthenticationFilter@5f0bcadb, org.springframework.security.web.savedrequest.RequestCacheAwareFilter@4f2ab774, org.springframework.security.web.servletapi.SecurityContextHolderAwareRequestFilter@d200d3e, org.springframework.security.web.authentication.AnonymousAuthenticationFilter@9640678, org.springframework.security.web.session.SessionManagementFilter@7740028a, org.springframework.security.web.access.ExceptionTranslationFilter@2910c3ae, org.springframework.security.web.access.intercept.FilterSecurityInterceptor@3af8f1ef]
2024-04-24 12:35:14.459  INFO 6628 --- [task-1] o.h.e.t.j.p.i.JtaPlatformInitiator       : HHH000490: Using JtaPlatform implementation: [org.hibernate.engine.transaction.jta.platform.internal.NoJtaPlatform]
2024-04-24 12:35:14.666  INFO 6628 --- [main] DeferredRepositoryInitializationListener : Triggering deferred initialization of Spring Data repositories…
2024-04-24 12:35:14.806  INFO 6628 --- [task-1] j.LocalContainerEntityManagerFactoryBean : Initialized JPA EntityManagerFactory for persistence unit 'default'
2024-04-24 12:35:17.790  INFO 6628 --- [main] DeferredRepositoryInitializationListener : Spring Data repositories initialized!
2024-04-24 12:35:17.804  INFO 6628 --- [main] d.s.w.p.DocumentationPluginsBootstrapper : Context refreshed
2024-04-24 12:35:18.109  INFO 6628 --- [main] d.s.w.p.DocumentationPluginsBootstrapper : Found 1 custom documentation plugin(s)
2024-04-24 12:35:18.178  INFO 6628 --- [main] s.d.s.w.s.ApiListingReferenceScanner     : Scanning for api listing references
2024-04-24 12:35:19.736  INFO 6628 --- [main] .d.s.w.r.o.CachingOperationNameGenerator : Generating unique operation named: getBatchesUsingGET_1
2024-04-24 12:35:20.381  INFO 6628 --- [main] .d.s.w.r.o.CachingOperationNameGenerator : Generating unique operation named: findByIdUsingGET_1
2024-04-24 12:35:20.505  INFO 6628 --- [main] .d.s.w.r.o.CachingOperationNameGenerator : Generating unique operation named: getSportsUsingGET_1
2024-04-24 12:35:20.719  INFO 6628 --- [main] .d.s.w.r.o.CachingOperationNameGenerator : Generating unique operation named: registerUsingPOST_1
2024-04-24 12:35:20.806  INFO 6628 --- [main] .d.s.w.r.o.CachingOperationNameGenerator : Generating unique operation named: registerUsingPOST_2
2024-04-24 12:35:20.950  INFO 6628 --- [main] c.c.DeccanSportClubApplicationTests      : Started DeccanSportClubApplicationTests in 25.462 seconds (JVM running for 34.011)
2024-04-24 12:35:23.149  INFO 6628 --- [SpringContextShutdownHook] j.LocalContainerEntityManagerFactoryBean : Closing JPA EntityManagerFactory for persistence unit 'default'
2024-04-24 12:35:23.166  INFO 6628 --- [SpringContextShutdownHook] o.s.s.concurrent.ThreadPoolTaskExecutor  : Shutting down ExecutorService 'applicationTaskExecutor'
